<?xml version="1.0" encoding="UTF-8"?>
<!-- Generated by org.testng.reporters.JUnitXMLReporter -->
<testsuite hostname="TANERs-MBP.home" ignored="0" name="Default test" tests="5" failures="0" timestamp="05 Jul 2018 03:28:17 GMT" time="8.229" errors="0">
  <testcase name="countryByMedal" time="1.838" classname="com.olympics.Olympics2016"/>
  <testcase name="getIndex" time="1.008" classname="com.olympics.Olympics2016"/>
  <testcase name="getSum" time="1.199" classname="com.olympics.Olympics2016"/>
  <testcase name="sortTexst" time="0.618" classname="com.olympics.Olympics2016"/>
  <testcase name="theMost" time="1.275" classname="com.olympics.Olympics2016"/>
</testsuite> <!-- Default test -->
