<?xml version="1.0" encoding="UTF-8"?>
<testng-results skipped="0" failed="0" ignored="0" total="5" passed="5">
  <reporter-output>
  </reporter-output>
  <suite name="Default suite" duration-ms="8229" started-at="2018-07-05T03:28:09Z" finished-at="2018-07-05T03:28:17Z">
    <groups>
    </groups>
    <test name="Default test" duration-ms="8229" started-at="2018-07-05T03:28:09Z" finished-at="2018-07-05T03:28:17Z">
      <class name="com.olympics.Olympics2016">
        <test-method status="PASS" signature="setUp()[pri:0, instance:com.olympics.Olympics2016@7d9d1a19]" name="setUp" is-config="true" duration-ms="2267" started-at="2018-07-05T03:28:09Z" finished-at="2018-07-05T03:28:11Z">
          <reporter-output>
          </reporter-output>
        </test-method> <!-- setUp -->
        <test-method status="PASS" signature="countryByMedal()[pri:0, instance:com.olympics.Olympics2016@7d9d1a19]" name="countryByMedal" duration-ms="1838" started-at="2018-07-05T03:28:11Z" finished-at="2018-07-05T03:28:13Z">
          <reporter-output>
          </reporter-output>
        </test-method> <!-- countryByMedal -->
        <test-method status="PASS" signature="getIndex()[pri:0, instance:com.olympics.Olympics2016@7d9d1a19]" name="getIndex" duration-ms="1008" started-at="2018-07-05T03:28:13Z" finished-at="2018-07-05T03:28:14Z">
          <reporter-output>
          </reporter-output>
        </test-method> <!-- getIndex -->
        <test-method status="PASS" signature="getSum()[pri:0, instance:com.olympics.Olympics2016@7d9d1a19]" name="getSum" duration-ms="1199" started-at="2018-07-05T03:28:14Z" finished-at="2018-07-05T03:28:15Z">
          <reporter-output>
          </reporter-output>
        </test-method> <!-- getSum -->
        <test-method status="PASS" signature="sortTexst()[pri:0, instance:com.olympics.Olympics2016@7d9d1a19]" name="sortTexst" duration-ms="618" started-at="2018-07-05T03:28:15Z" finished-at="2018-07-05T03:28:16Z">
          <reporter-output>
          </reporter-output>
        </test-method> <!-- sortTexst -->
        <test-method status="PASS" signature="theMost()[pri:0, instance:com.olympics.Olympics2016@7d9d1a19]" name="theMost" duration-ms="1275" started-at="2018-07-05T03:28:16Z" finished-at="2018-07-05T03:28:17Z">
          <reporter-output>
          </reporter-output>
        </test-method> <!-- theMost -->
      </class> <!-- com.olympics.Olympics2016 -->
    </test> <!-- Default test -->
  </suite> <!-- Default suite -->
</testng-results>
